X-Makina Assembler - Version XM-23P Single Pass+ Assembler - Release 24.04.17
Input file name: LDRtoSTR.asm
Time of assembly: Fri 31 May 2024 20:47:57 
  1	    	     	; 
  2	    	     	;lab 1, question 1: sum an array of 16-bit numbers, stopping when a program-specified liit is reached
  3	    	     	;name: Grace Yu
  4	    	     	;B00: 902046
  5	    	     	;class: ECED3403
  6	    	     	;instructor: Dr. Larry Hughes
  7	    	     	;
  8	    	     		CODE
  9	    	     		org #1000
 10	    	     	MAIN
 11	1000	67F9		MOVL #FF,R1
 12	1002	7801		MOVH #FF,R1
 13	    	     		ldr R1,R2
			**** Invalid register: Not supplied
 14	    	     		str R1,R2
			**** Bad numeric value or invalid label: Not supplied
 15	    	     	DONE
 16	1004	3FFF		bra		DONE
 17	    	     	end MAIN
First pass errors - assembly terminated

** Symbol table **

Constants (Equates)
Name                               	Type	Value	Decimal

Labels (Code)
Name                               	Type	Value	Decimal
DONE                               	REL	1004	4100	PRI
MAIN                               	REL	1000	4096	PRI

Labels (Data)
Name                               	Type	Value	Decimal

Registers
Name                               	Type	Value	Decimal
R7                                 	REG	0007	7	PRI
R6                                 	REG	0006	6	PRI
R5                                 	REG	0005	5	PRI
R4                                 	REG	0004	4	PRI
R3                                 	REG	0003	3	PRI
R2                                 	REG	0002	2	PRI
R1                                 	REG	0001	1	PRI
R0                                 	REG	0000	0	PRI
