X-Makina Assembler - Version XM-23P Single Pass+ Assembler - Release 24.04.17
Input file name: Add01.asm
Time of assembly: Wed 15 May 2024 14:03:25 
  1	    	     	;
  2	    	     	; Simple addition
  3	    	     	;
  4	    	     		org	#100
  5	    	     	Start
  6	    	     	;
  7	    	     	; Initialize registers
  8	    	     	;
  9	0100	6901		movlz	#20,R1	; R1 <- #0020
 10	0102	6FAA		movlz	#F5,R2	; R2 <- #00F5
 11	    	     	;
 12	0104	400A		add	R1,R2	; R2 <- R2 + R1
 13	    	     	;
 14	    	     		end	Start

Successful completion of assembly - 1P

** Symbol table **

Constants (Equates)
Name                               	Type	Value	Decimal

Labels (Code)
Name                               	Type	Value	Decimal
Start                              	REL	0100	256	PRI

Labels (Data)
Name                               	Type	Value	Decimal

Registers
Name                               	Type	Value	Decimal
R7                                 	REG	0007	7	PRI
R6                                 	REG	0006	6	PRI
R5                                 	REG	0005	5	PRI
R4                                 	REG	0004	4	PRI
R3                                 	REG	0003	3	PRI
R2                                 	REG	0002	2	PRI
R1                                 	REG	0001	1	PRI
R0                                 	REG	0000	0	PRI

.XME file: C:\Users\grace\Downloads\Add01.xme

