X-Makina Assembler - Version XM-23P Single Pass+ Assembler - Release 24.04.17
Input file name: ECED3403_lab1_1.asm
Time of assembly: Sun 19 May 2024 20:12:23 
  1	    	     	; 
  2	    	     	;lab 1, question 1: sum an array of 16-bit numbers, stopping when a program-specified liit is reached
  3	    	     	;name: Grace Yu
  4	    	     	;B00: 902046
  5	    	     	;class: ECED3403
  6	    	     	;instructor: Dr. Larry Hughes
  7	    	     	;
  8	    	     	DATA
  9	    	     			org #40
 10	0040	0005	ARRAY	word $5					; create array
 11	0042	0001			word $1
 12	0044	0001			word $1
 13	0046	0001			word $1
 14	0048	0001			word $1
 15	004A	0001			word $1
 16	    	     	CODE
 17	    	     			org #1000
 18	    	     	MAIN
 19	    	     	INITIALIZE
 20	    	     			; initialize r0 to be the base memory location of array
 21	1000	6200			movl	ARRAY,R0		; R0 is now base value of array
 22	1002	7800			movh	ARRAY,R0
 23	    	     			;
 24	    	     			; initialize r1, max count, to be the value at base memory location of array
 25	1004	5801			ld		R0,R1			; max count <- mem(r1)
 26	    	     			;
 27	    	     			; increment array to next value
 28	1006	4090			add		$2,R0			
 29	    	     			;
 30	    	     			; initialize r2 and r3 to be 0
 31	1008	6802			movlz	$0,R2			; current value R2 <- 0
 32	100A	6803			movlz	$0,R3			; sum			R3 <- 0
 33	    	     	LOOP
 34	    	     			;compare R1 to 0
 35	100C	4589			cmp		$1,R1
 36	100E	3805			blt		DONE			; jump to done if count is equal to zero
 37	    	     	
 38	    	     			; put current value into sum
 39	1010	5802			ld		R0,R2			; load array value into register
 40	1012	4013			add		R2,R3			; add array value into sum
 41	    	     			;
 42	    	     			; increment array to next value
 43	1014	4090			add		$2,R0
 44	    	     			;
 45	    	     			;decrement the current counter r1
 46	1016	4289			sub		$1,R1
 47	    	     			;
 48	    	     			;jump to loop
 49	1018	3FF9			bra		LOOP
 50	    	     	DONE
 51	101A	3FFF			bra		DONE			; loop
 52	    	     	end MAIN
Successful completion of assembly - 2P

** Symbol table **

Constants (Equates)
Name                               	Type	Value	Decimal

Labels (Code)
Name                               	Type	Value	Decimal
DONE                               	REL	101A	4122	PRI
LOOP                               	REL	100C	4108	PRI
INITIALIZE                         	REL	1000	4096	PRI
MAIN                               	REL	1000	4096	PRI

Labels (Data)
Name                               	Type	Value	Decimal
ARRAY                              	REL	0040	64	PRI

Registers
Name                               	Type	Value	Decimal
R7                                 	REG	0007	7	PRI
R6                                 	REG	0006	6	PRI
R5                                 	REG	0005	5	PRI
R4                                 	REG	0004	4	PRI
R3                                 	REG	0003	3	PRI
R2                                 	REG	0002	2	PRI
R1                                 	REG	0001	1	PRI
R0                                 	REG	0000	0	PRI

.XME file: C:\Users\grace\OneDrive\Desktop\Summer 2024\ECED3403\ECED3403_lab\ECED3403_lab1\ECED3403_lab1_1.xme

