X-Makina Assembler - Version XM-23P Single Pass+ Assembler - Release 24.04.17
Input file name: bl.txt
Time of assembly: Tue 30 Jul 2024 23:15:04 
  1	    	     		BP	equ	R4 
  2	    	     	     	LR	equ	R5
  3	    	     	    	SP	equ	R6
  4	    	     		PC	equ	R7
  5	    	     			org #1000
  6	    	     	MAIN
  7	1000	0001		bl	LOOP
  8	1002	3C02		bra	DONE
  9	    	     	LOOP
 10	1004	67F8		movl	#FF,R0		; loop
 11	1006	4C2F		mov	LR,PC
 12	    	     	DONE
 13	1008	3FFF		bra	DONE
 14	    	     	end MAIN
Successful completion of assembly - 2P

** Symbol table **

Constants (Equates)
Name                               	Type	Value	Decimal

Labels (Code)
Name                               	Type	Value	Decimal
DONE                               	REL	1008	4104	PRI
LOOP                               	REL	1004	4100	PRI
MAIN                               	REL	1000	4096	PRI

Labels (Data)
Name                               	Type	Value	Decimal

Registers
Name                               	Type	Value	Decimal
PC                                 	REG	0007	7	PRI
SP                                 	REG	0006	6	PRI
LR                                 	REG	0005	5	PRI
BP                                 	REG	0004	4	PRI
R7                                 	REG	0007	7	PRI
R6                                 	REG	0006	6	PRI
R5                                 	REG	0005	5	PRI
R4                                 	REG	0004	4	PRI
R3                                 	REG	0003	3	PRI
R2                                 	REG	0002	2	PRI
R1                                 	REG	0001	1	PRI
R0                                 	REG	0000	0	PRI

.XME file: C:\git\ECED3403\ECED3403_assignment\ECED3403_assignment_A1\ECED3403_assignment_A1_code\x64\Debug\bl.xme

