X-Makina Assembler - Version XM-23P Single Pass+ Assembler - Release 24.04.17
Input file name: CMP.txt
Time of assembly: Mon 24 Jun 2024 02:39:09 
  1	    	     			org #1000
  2	    	     	MAIN
  3	1000	6042		MOVL	#08,R2
  4	1002	6041		MOVL	#08,R1
  5	1004	454A		CMP.b 	R1,R2		;0x08-0x08
  6	1006	7841		MOVH	#0800,R1
  7	1008	6001		MOVL	#00,R1
  8	100A	783A		MOVH	#0700,R2	;0x0700-0x0800
  9	100C	450A		CMP 	R1,R2
 10	100E	604B		MOVL	#09,R3
 11	1010	458B		CMP 	$1,R3		;0x0009-$1
 12	    	     	DONE
 13	1012	3FFF		bra	DONE		; loop
 14	    	     	end MAIN
Successful completion of assembly - 1P

** Symbol table **

Constants (Equates)
Name                               	Type	Value	Decimal

Labels (Code)
Name                               	Type	Value	Decimal
DONE                               	REL	1012	4114	PRI
MAIN                               	REL	1000	4096	PRI

Labels (Data)
Name                               	Type	Value	Decimal

Registers
Name                               	Type	Value	Decimal
R7                                 	REG	0007	7	PRI
R6                                 	REG	0006	6	PRI
R5                                 	REG	0005	5	PRI
R4                                 	REG	0004	4	PRI
R3                                 	REG	0003	3	PRI
R2                                 	REG	0002	2	PRI
R1                                 	REG	0001	1	PRI
R0                                 	REG	0000	0	PRI

.XME file: C:\git\ECED3403\ECED3403_assignment\ECED3403_assignment_A1\ECED3403_assignment_A1_code\x64\Debug\CMP.xme

