X-Makina Assembler - Version XM-23P Single Pass+ Assembler - Release 24.04.17
Input file name: DADD.txt
Time of assembly: Mon 24 Jun 2024 01:38:05 
  1	    	     			org #1000
  2	    	     	MAIN
  3	1000	7890		movh	#1200,R0
  4	1002	61A0		movl	#34,R0
  5	1004	7C39		movh	#8700,R1
  6	1006	6331		movl	#66,R1		
  7	1008	4401		DADD	R0,R1		;DADD with word using a register, producing a carry flag
  8	100A	7C80		movh	#9000,R0
  9	100C	7C81		movh	#9000,R1
 10	100E	4008		add	R1,R0	;producing carry and overflow flag using word addition
 11	1010	4180		addc	$0,R0	;adding 0 to a register with carry of 1, clearing flags
 12	1012	6008		movl	$1,R0
 13	1014	67F9		movl	$-1,R1
 14	1016	4048		add.b	R1,R0	;producing a zero flag using byte addition
 15	1018	6020		movl	$4,R0
 16	101A	44D8		DADD.b	$4,R0		;DADD with byte using a constant
 17	    	     	DONE
 18	101C	3FFF		bra	DONE		; loop
 19	    	     	end MAIN
Successful completion of assembly - 1P

** Symbol table **

Constants (Equates)
Name                               	Type	Value	Decimal

Labels (Code)
Name                               	Type	Value	Decimal
DONE                               	REL	101C	4124	PRI
MAIN                               	REL	1000	4096	PRI

Labels (Data)
Name                               	Type	Value	Decimal

Registers
Name                               	Type	Value	Decimal
R7                                 	REG	0007	7	PRI
R6                                 	REG	0006	6	PRI
R5                                 	REG	0005	5	PRI
R4                                 	REG	0004	4	PRI
R3                                 	REG	0003	3	PRI
R2                                 	REG	0002	2	PRI
R1                                 	REG	0001	1	PRI
R0                                 	REG	0000	0	PRI

.XME file: C:\git\ECED3403\ECED3403_assignment\ECED3403_assignment_A1\ECED3403_assignment_A1_code\x64\Debug\DADD.xme

