X-Makina Assembler - Version XM-23P Single Pass+ Assembler - Release 24.04.17
Input file name: movl.asm
Time of assembly: Fri 21 Jun 2024 18:43:56 
  1	    	     	; 
  2	    	     	;lab 1, question 1: sum an array of 16-bit numbers, stopping when a program-specified liit is reached
  3	    	     	;name: Grace Yu
  4	    	     	;B00: 902046
  5	    	     	;class: ECED3403
  6	    	     	;instructor: Dr. Larry Hughes
  7	    	     	;
  8	    	     	DATA
  9	    	     			org #40
 10	0040	0005	ARRAY	word $5					; create array
 11	0042	0001			word $1
 12	0044	0001			word $1
 13	0046	0001			word $1
 14	0048	0001			word $1
 15	004A	0001			word $1
 16	    	     	CODE
 17	    	     			org #1000
 18	    	     	MAIN
 19	1000	6482			movl	#90,R2
 20	1002	6484			movl	#90,R4
 21	1004	4062			add.b	R4,R2
 22	1006	6003			movl 	#0,R3
 23	1008	41C3			addc.b	#0,R3
 24	100A	6482			movl	#90,R2
 25	100C	4062			add.b	R4,R2
 26	100E	4513			cmp	R2,R3
 27	1010	6003			movl 	#0,R3
 28	1012	41C3			addc.b	#0,R3		
 29	1014	788A			movh	#1100,R2
 30	1016	7A21			movh	#4400,R1
 31	1018	6B32			movlz	#66,R2
 32	101A	7441			movls	#88,R1
 33	    	     	DONE
 34	101C	3FFF			bra		DONE			; loop
 35	    	     	end MAIN
Successful completion of assembly - 1P

** Symbol table **

Constants (Equates)
Name                               	Type	Value	Decimal

Labels (Code)
Name                               	Type	Value	Decimal
DONE                               	REL	101C	4124	PRI
MAIN                               	REL	1000	4096	PRI

Labels (Data)
Name                               	Type	Value	Decimal
ARRAY                              	REL	0040	64	PRI

Registers
Name                               	Type	Value	Decimal
R7                                 	REG	0007	7	PRI
R6                                 	REG	0006	6	PRI
R5                                 	REG	0005	5	PRI
R4                                 	REG	0004	4	PRI
R3                                 	REG	0003	3	PRI
R2                                 	REG	0002	2	PRI
R1                                 	REG	0001	1	PRI
R0                                 	REG	0000	0	PRI

.XME file: C:\git\ECED3403\ECED3403_assignment\ECED3403_assignment_A1\ECED3403_assignment_A1_code\x64\Debug\movl.xme

