X-Makina Assembler - Version XM-23P Single Pass+ Assembler - Release 24.04.17
Input file name: nota2.txt
Time of assembly: Mon 24 Jun 2024 08:37:38 
  1	    	     			org #1000
  2	    	     	MAIN
  3	1000	4DB0		SETCC	v
  4	    	     	DONE
  5	1002	3FFF		bra	DONE		; loop
  6	    	     	end MAIN
Successful completion of assembly - 1P

** Symbol table **

Constants (Equates)
Name                               	Type	Value	Decimal

Labels (Code)
Name                               	Type	Value	Decimal
DONE                               	REL	1002	4098	PRI
MAIN                               	REL	1000	4096	PRI

Labels (Data)
Name                               	Type	Value	Decimal

Registers
Name                               	Type	Value	Decimal
R7                                 	REG	0007	7	PRI
R6                                 	REG	0006	6	PRI
R5                                 	REG	0005	5	PRI
R4                                 	REG	0004	4	PRI
R3                                 	REG	0003	3	PRI
R2                                 	REG	0002	2	PRI
R1                                 	REG	0001	1	PRI
R0                                 	REG	0000	0	PRI

.XME file: C:\git\ECED3403\ECED3403_assignment\ECED3403_assignment_A1\ECED3403_assignment_A1_code\x64\Debug\nota2.xme

