X-Makina Assembler - Version XM-23P Single Pass+ Assembler - Release 24.04.17
Input file name: SXT.txt
Time of assembly: Mon 24 Jun 2024 08:22:27 
  1	    	     			org #1000
  2	    	     	MAIN
  3	1000	4D20		sxt	R0
  4	1002	67D0		movl	#FA,R0
  5	1004	4D20		sxt	R0
  6	1006	6051		movl	#0A,R1
  7	1008	4D21		sxt 	R1
  8	    	     	DONE
  9	100A	3FFF		bra	DONE		; loop
 10	    	     	end MAIN
Successful completion of assembly - 1P

** Symbol table **

Constants (Equates)
Name                               	Type	Value	Decimal

Labels (Code)
Name                               	Type	Value	Decimal
DONE                               	REL	100A	4106	PRI
MAIN                               	REL	1000	4096	PRI

Labels (Data)
Name                               	Type	Value	Decimal

Registers
Name                               	Type	Value	Decimal
R7                                 	REG	0007	7	PRI
R6                                 	REG	0006	6	PRI
R5                                 	REG	0005	5	PRI
R4                                 	REG	0004	4	PRI
R3                                 	REG	0003	3	PRI
R2                                 	REG	0002	2	PRI
R1                                 	REG	0001	1	PRI
R0                                 	REG	0000	0	PRI

.XME file: C:\git\ECED3403\ECED3403_assignment\ECED3403_assignment_A1\ECED3403_assignment_A1_code\x64\Debug\SXT.xme

